mode: set
D:\Projects\leetcode\5-M-longest-palindromic-substring\main.go:5.41,7.30 2 1
D:\Projects\leetcode\5-M-longest-palindromic-substring\main.go:12.2,13.30 2 1
D:\Projects\leetcode\5-M-longest-palindromic-substring\main.go:23.2,23.29 1 1
D:\Projects\leetcode\5-M-longest-palindromic-substring\main.go:7.30,10.3 2 1
D:\Projects\leetcode\5-M-longest-palindromic-substring\main.go:13.30,16.26 1 1
D:\Projects\leetcode\5-M-longest-palindromic-substring\main.go:16.26,18.33 2 1
D:\Projects\leetcode\5-M-longest-palindromic-substring\main.go:18.33,20.5 1 1
D:\Projects\leetcode\5-M-longest-palindromic-substring\main.go:26.13,30.2 1 0
